<?xml version="1.0" encoding="UTF-8"?>
<testsuite xmlns:xsi="http://www.w3.org/2001/XMLSchema-instance" xsi:schemaLocation="https://maven.apache.org/surefire/maven-surefire-plugin/xsd/surefire-test-report.xsd" name="com.bank.account.CucumberRunnerTest" time="10.902" tests="2" errors="2" skipped="0" failures="0">
  <properties>
[...]
</properties>
  <testcase name="retrieve the account balance with account id" classname="To retrieve the balance with account details" time="9.289">
    <error message="Failed to load ApplicationContext" type="java.lang.IllegalStateException">java.lang.IllegalStateException: Failed to load ApplicationContext
Caused by: org.springframework.context.ApplicationContextException: Failed to start bean 'webServerStartStop'; nested exception is org.springframework.boot.web.server.PortInUseException: Port 8082 is already in use
Caused by: org.springframework.boot.web.server.PortInUseException: Port 8082 is already in use
Caused by: java.lang.IllegalArgumentException: standardService.connector.startFailed
Caused by: org.apache.catalina.LifecycleException: Protocol handler start failed
Caused by: java.net.BindException: Address already in use
</error>
    <system-out><![CDATA[00:01:49.441 [main] DEBUG org.springframework.test.context.BootstrapUtils - Instantiating CacheAwareContextLoaderDelegate from class [org.springframework.test.context.cache.DefaultCacheAwareContextLoaderDelegate]
00:01:49.485 [main] DEBUG org.springframework.test.context.BootstrapUtils - Instantiating BootstrapContext using constructor [public org.springframework.test.context.support.DefaultBootstrapContext(java.lang.Class,org.springframework.test.context.CacheAwareContextLoaderDelegate)]
00:01:49.596 [main] DEBUG org.springframework.test.context.BootstrapUtils - Instantiating TestContextBootstrapper for test class [com.bank.account.AbstractSpringConfigurationTest] from class [org.springframework.boot.test.context.SpringBootTestContextBootstrapper]
00:01:49.719 [main] DEBUG org.springframework.test.context.support.AbstractContextLoader - Did not detect default resource location for test class [com.bank.account.AbstractSpringConfigurationTest]: class path resource [com/bank/account/AbstractSpringConfigurationTest-context.xml] does not exist
00:01:49.722 [main] DEBUG org.springframework.test.context.support.AbstractContextLoader - Did not detect default resource location for test class [com.bank.account.AbstractSpringConfigurationTest]: class path resource [com/bank/account/AbstractSpringConfigurationTestContext.groovy] does not exist
00:01:49.722 [main] INFO org.springframework.test.context.support.AbstractContextLoader - Could not detect default resource locations for test class [com.bank.account.AbstractSpringConfigurationTest]: no resource found for suffixes {-context.xml, Context.groovy}.
00:01:49.812 [main] DEBUG org.springframework.test.context.support.ActiveProfilesUtils - Could not find an 'annotation declaring class' for annotation type [org.springframework.test.context.ActiveProfiles] and class [com.bank.account.AbstractSpringConfigurationTest]
00:01:50.050 [main] DEBUG org.springframework.boot.test.context.SpringBootTestContextBootstrapper - @TestExecutionListeners is not present for class [com.bank.account.AbstractSpringConfigurationTest]: using defaults.
00:01:50.051 [main] INFO org.springframework.boot.test.context.SpringBootTestContextBootstrapper - Loaded default TestExecutionListener class names from location [META-INF/spring.factories]: [org.springframework.boot.test.mock.mockito.MockitoTestExecutionListener, org.springframework.boot.test.mock.mockito.ResetMocksTestExecutionListener, org.springframework.boot.test.autoconfigure.restdocs.RestDocsTestExecutionListener, org.springframework.boot.test.autoconfigure.web.client.MockRestServiceServerResetTestExecutionListener, org.springframework.boot.test.autoconfigure.web.servlet.MockMvcPrintOnlyOnFailureTestExecutionListener, org.springframework.boot.test.autoconfigure.web.servlet.WebDriverTestExecutionListener, org.springframework.boot.test.autoconfigure.webservices.client.MockWebServiceServerTestExecutionListener, org.springframework.test.context.web.ServletTestExecutionListener, org.springframework.test.context.support.DirtiesContextBeforeModesTestExecutionListener, org.springframework.test.context.event.ApplicationEventsTestExecutionListener, org.springframework.test.context.support.DependencyInjectionTestExecutionListener, org.springframework.test.context.support.DirtiesContextTestExecutionListener, org.springframework.test.context.transaction.TransactionalTestExecutionListener, org.springframework.test.context.jdbc.SqlScriptsTestExecutionListener, org.springframework.test.context.event.EventPublishingTestExecutionListener]
00:01:50.115 [main] INFO org.springframework.boot.test.context.SpringBootTestContextBootstrapper - Using TestExecutionListeners: [org.springframework.test.context.web.ServletTestExecutionListener@5f8890c2, org.springframework.test.context.support.DirtiesContextBeforeModesTestExecutionListener@607b2792, org.springframework.test.context.event.ApplicationEventsTestExecutionListener@7f9e1534, org.springframework.boot.test.mock.mockito.MockitoTestExecutionListener@138a7441, org.springframework.boot.test.autoconfigure.SpringBootDependencyInjectionTestExecutionListener@81ff872, org.springframework.test.context.support.DirtiesContextTestExecutionListener@31611954, org.springframework.test.context.transaction.TransactionalTestExecutionListener@3e598df9, org.springframework.test.context.jdbc.SqlScriptsTestExecutionListener@7e31ce0f, org.springframework.test.context.event.EventPublishingTestExecutionListener@99a65d3, org.springframework.boot.test.mock.mockito.ResetMocksTestExecutionListener@3088660d, org.springframework.boot.test.autoconfigure.restdocs.RestDocsTestExecutionListener@42cc13a0, org.springframework.boot.test.autoconfigure.web.client.MockRestServiceServerResetTestExecutionListener@32fdec40, org.springframework.boot.test.autoconfigure.web.servlet.MockMvcPrintOnlyOnFailureTestExecutionListener@6813a331, org.springframework.boot.test.autoconfigure.web.servlet.WebDriverTestExecutionListener@1bd81830, org.springframework.boot.test.autoconfigure.webservices.client.MockWebServiceServerTestExecutionListener@39ab59f8]
00:01:50.217 [main] DEBUG org.springframework.test.context.support.TestPropertySourceUtils - Adding inlined properties to environment: {spring.jmx.enabled=false, org.springframework.boot.test.context.SpringBootTestContextBootstrapper=true}

  .   ____          _            __ _ _
 /\\ / ___'_ __ _ _(_)_ __  __ _ \ \ \ \
( ( )\___ | '_ | '_| | '_ \/ _` | \ \ \ \
 \\/  ___)| |_)| | | | | || (_| |  ) ) ) )
  '  |____| .__|_| |_|_| |_\__, | / / / /
 =========|_|==============|___/=/_/_/_/
 :: Spring Boot ::                (v2.4.4)

2021-04-22 00:01:50.837  INFO 27624 --- [           main] c.b.a.AbstractSpringConfigurationTest    : Starting AbstractSpringConfigurationTest using Java 15.0.2 on Rameshnaidus-MacBook-Pro.local with PID 27624 (started by rameshnaidu.gorli in /Users/rameshnaidu.gorli/Desktop/Projects/practice/spring-bank-account-balance)
2021-04-22 00:01:50.842  INFO 27624 --- [           main] c.b.a.AbstractSpringConfigurationTest    : No active profile set, falling back to default profiles: default
2021-04-22 00:01:52.213  INFO 27624 --- [           main] .s.d.r.c.RepositoryConfigurationDelegate : Bootstrapping Spring Data JPA repositories in DEFAULT mode.
2021-04-22 00:01:52.305  INFO 27624 --- [           main] .s.d.r.c.RepositoryConfigurationDelegate : Finished Spring Data repository scanning in 80 ms. Found 1 JPA repository interfaces.
2021-04-22 00:01:53.402  INFO 27624 --- [           main] o.s.b.w.embedded.tomcat.TomcatWebServer  : Tomcat initialized with port(s): 8082 (http)
2021-04-22 00:01:53.416  INFO 27624 --- [           main] o.apache.catalina.core.StandardService   : Starting service [Tomcat]
2021-04-22 00:01:53.416  INFO 27624 --- [           main] org.apache.catalina.core.StandardEngine  : Starting Servlet engine: [Apache Tomcat/9.0.44]
2021-04-22 00:01:53.626  INFO 27624 --- [           main] o.a.c.c.C.[Tomcat].[localhost].[/]       : Initializing Spring embedded WebApplicationContext
2021-04-22 00:01:53.626  INFO 27624 --- [           main] w.s.c.ServletWebServerApplicationContext : Root WebApplicationContext: initialization completed in 2739 ms
2021-04-22 00:01:53.769  INFO 27624 --- [           main] com.zaxxer.hikari.HikariDataSource       : HikariPool-1 - Starting...
2021-04-22 00:01:54.072  INFO 27624 --- [           main] com.zaxxer.hikari.HikariDataSource       : HikariPool-1 - Start completed.
2021-04-22 00:01:54.083  INFO 27624 --- [           main] o.s.b.a.h2.H2ConsoleAutoConfiguration    : H2 console available at '/h2-console'. Database available at 'jdbc:h2:mem:testdb'
2021-04-22 00:01:54.493  INFO 27624 --- [           main] o.hibernate.jpa.internal.util.LogHelper  : HHH000204: Processing PersistenceUnitInfo [name: default]
2021-04-22 00:01:54.579  INFO 27624 --- [           main] org.hibernate.Version                    : HHH000412: Hibernate ORM core version 5.4.29.Final
2021-04-22 00:01:54.822  INFO 27624 --- [           main] o.hibernate.annotations.common.Version   : HCANN000001: Hibernate Commons Annotations {5.1.2.Final}
2021-04-22 00:01:55.081  INFO 27624 --- [           main] org.hibernate.dialect.Dialect            : HHH000400: Using dialect: org.hibernate.dialect.H2Dialect
Hibernate: drop table if exists account_info CASCADE 
Hibernate: drop sequence if exists hibernate_sequence
Hibernate: create sequence hibernate_sequence start with 1 increment by 1
Hibernate: create table account_info (id integer not null, account_id varchar(255), amount varchar(255), currency varchar(255), user_id varchar(255), primary key (id))
2021-04-22 00:01:55.989  INFO 27624 --- [           main] o.h.e.t.j.p.i.JtaPlatformInitiator       : HHH000490: Using JtaPlatform implementation: [org.hibernate.engine.transaction.jta.platform.internal.NoJtaPlatform]
2021-04-22 00:01:56.000  INFO 27624 --- [           main] j.LocalContainerEntityManagerFactoryBean : Initialized JPA EntityManagerFactory for persistence unit 'default'
2021-04-22 00:01:56.909  WARN 27624 --- [           main] JpaBaseConfiguration$JpaWebConfiguration : spring.jpa.open-in-view is enabled by default. Therefore, database queries may be performed during view rendering. Explicitly configure spring.jpa.open-in-view to disable this warning
2021-04-22 00:01:57.255  INFO 27624 --- [           main] pertySourcedRequestMappingHandlerMapping : Mapped URL path [/v2/api-docs] onto method [springfox.documentation.swagger2.web.Swagger2Controller#getDocumentation(String, HttpServletRequest)]
2021-04-22 00:01:57.532  INFO 27624 --- [           main] o.s.s.concurrent.ThreadPoolTaskExecutor  : Initializing ExecutorService 'applicationTaskExecutor'
2021-04-22 00:01:57.993  WARN 27624 --- [           main] ConfigServletWebServerApplicationContext : Exception encountered during context initialization - cancelling refresh attempt: org.springframework.context.ApplicationContextException: Failed to start bean 'webServerStartStop'; nested exception is org.springframework.boot.web.server.PortInUseException: Port 8082 is already in use
2021-04-22 00:01:57.994  INFO 27624 --- [           main] o.s.s.concurrent.ThreadPoolTaskExecutor  : Shutting down ExecutorService 'applicationTaskExecutor'
2021-04-22 00:01:57.997  INFO 27624 --- [           main] j.LocalContainerEntityManagerFactoryBean : Closing JPA EntityManagerFactory for persistence unit 'default'
2021-04-22 00:01:57.998  INFO 27624 --- [           main] .SchemaDropperImpl$DelayedDropActionImpl : HHH000477: Starting delayed evictData of schema as part of SessionFactory shut-down'
Hibernate: drop table if exists account_info CASCADE 
Hibernate: drop sequence if exists hibernate_sequence
2021-04-22 00:01:58.005  INFO 27624 --- [           main] com.zaxxer.hikari.HikariDataSource       : HikariPool-1 - Shutdown initiated...
2021-04-22 00:01:58.009  INFO 27624 --- [           main] com.zaxxer.hikari.HikariDataSource       : HikariPool-1 - Shutdown completed.
2021-04-22 00:01:58.012  INFO 27624 --- [           main] o.apache.catalina.core.StandardService   : Stopping service [Tomcat]
2021-04-22 00:01:58.026  INFO 27624 --- [           main] ConditionEvaluationReportLoggingListener : 

Error starting ApplicationContext. To display the conditions report re-run your application with 'debug' enabled.
2021-04-22 00:01:58.058 ERROR 27624 --- [           main] o.s.b.d.LoggingFailureAnalysisReporter   : 

***************************
APPLICATION FAILED TO START
***************************

Description:

Web server failed to start. Port 8082 was already in use.

Action:

Identify and stop the process that's listening on port 8082 or configure this application to listen on another port.

]]></system-out>
  </testcase>
  <testcase name="com.bank.account.CucumberRunnerTest" classname="org.apache.maven.surefire.junit4.JUnit4Provider" time="9.35">
    <error type="org.junit.runner.notification.StoppedByUserException">org.junit.runner.notification.StoppedByUserException
	at org.apache.maven.surefire.junit4.JUnit4Provider.execute(JUnit4Provider.java:367)
	at org.apache.maven.surefire.junit4.JUnit4Provider.executeWithRerun(JUnit4Provider.java:274)
	at org.apache.maven.surefire.junit4.JUnit4Provider.executeTestSet(JUnit4Provider.java:238)
	at org.apache.maven.surefire.junit4.JUnit4Provider.invoke(JUnit4Provider.java:161)
</error>
    <system-err><![CDATA[┌─────────────────────────────────────────────────────────────────────────────┐
│ Share your Cucumber Report with your team at https://reports.cucumber.io    │
│ Activate publishing with one of the following:                              │
│                                                                             │
│ src/test/resources/cucumber.properties:    cucumber.publish.enabled=true    │
│ Environment variable:                      CUCUMBER_PUBLISH_ENABLED=true    │
│ JUnit:                                     @CucumberOptions(publish = true) │
│                                                                             │
│ More information at https://reports.cucumber.io/docs/cucumber-jvm           │
│                                                                             │
│ To disable this message, add cucumber.publish.quiet=true to                 │
│ src/test/resources/cucumber.properties                                      │
└─────────────────────────────────────────────────────────────────────────────┘
]]></system-err>
  </testcase>
</testsuite>